e:\student\learn\3_course\2_sem\sp\usgr_htcom\os14_htcom\x64\debug\os14_htcom.pch
e:\student\learn\3_course\2_sem\sp\usgr_htcom\os14_htcom\x64\debug\vc143.pdb
e:\student\learn\3_course\2_sem\sp\usgr_htcom\os14_htcom\x64\debug\vc143.idb
e:\student\learn\3_course\2_sem\sp\usgr_htcom\os14_htcom\x64\debug\pch.obj
e:\student\learn\3_course\2_sem\sp\usgr_htcom\os14_htcom\x64\debug\dllmain.obj
e:\student\learn\3_course\2_sem\sp\usgr_htcom\os14_htcom\x64\debug\registry.obj
e:\student\learn\3_course\2_sem\sp\usgr_htcom\os14_htcom\x64\debug\componentht.obj
e:\student\learn\3_course\2_sem\sp\usgr_htcom\os14_htcom\x64\debug\classfactory.obj
d:\course-3\сп\usgr_htcom\x64\debug\os14_htcom.lib
d:\course-3\сп\usgr_htcom\x64\debug\os14_htcom.exp
e:\student\learn\3_course\2_sem\sp\usgr_htcom\x64\debug\os14_htcom.lib
e:\student\learn\3_course\2_sem\sp\usgr_htcom\x64\debug\os14_htcom.exp
e:\student\learn\3_course\2_sem\sp\usgr_htcom\x64\debug\os14_htcom.dll
e:\student\learn\3_course\2_sem\sp\usgr_htcom\os14_htcom\x64\debug\os14_htcom.ilk
e:\student\learn\3_course\2_sem\sp\usgr_htcom\x64\debug\os14_htcom.pdb
e:\student\learn\3_course\2_sem\sp\usgr_htcom\os14_htcom\x64\debug\os14_htcom.tlog\cl.command.1.tlog
e:\student\learn\3_course\2_sem\sp\usgr_htcom\os14_htcom\x64\debug\os14_htcom.tlog\cl.items.tlog
e:\student\learn\3_course\2_sem\sp\usgr_htcom\os14_htcom\x64\debug\os14_htcom.tlog\cl.read.1.tlog
e:\student\learn\3_course\2_sem\sp\usgr_htcom\os14_htcom\x64\debug\os14_htcom.tlog\cl.write.1.tlog
e:\student\learn\3_course\2_sem\sp\usgr_htcom\os14_htcom\x64\debug\os14_htcom.tlog\link.command.1.tlog
e:\student\learn\3_course\2_sem\sp\usgr_htcom\os14_htcom\x64\debug\os14_htcom.tlog\link.read.1.tlog
e:\student\learn\3_course\2_sem\sp\usgr_htcom\os14_htcom\x64\debug\os14_htcom.tlog\link.write.1.tlog
e:\student\learn\3_course\2_sem\sp\usgr_htcom\os14_htcom\x64\debug\os14_htcom.tlog\link.write.2u.tlog
