d:\course3\сп\htcom\os13_htcom\x64\debug\os13_htcom.pch
d:\course3\сп\htcom\os13_htcom\x64\debug\vc143.pdb
d:\course3\сп\htcom\os13_htcom\x64\debug\vc143.idb
d:\course3\сп\htcom\os13_htcom\x64\debug\pch.obj
d:\course3\сп\htcom\os13_htcom\x64\debug\registry.obj
d:\course3\сп\htcom\os13_htcom\x64\debug\dllmain.obj
d:\course3\сп\htcom\os13_htcom\x64\debug\componentht.obj
d:\course3\сп\htcom\os13_htcom\x64\debug\classfactory.obj
d:\course3\сп\htcom\x64\debug\os13_htcom.lib
d:\course3\сп\htcom\x64\debug\os13_htcom.exp
d:\course3\сп\htcom\x64\debug\os13_htcom.dll
d:\course3\сп\htcom\os13_htcom\x64\debug\os13_htcom.ilk
d:\course3\сп\htcom\x64\debug\os13_htcom.pdb
d:\course-3\сп\htcom\os13_htcom\x64\debug\classfactory.obj
d:\course-3\сп\htcom\os13_htcom\x64\debug\componentht.obj
d:\course-3\сп\htcom\os13_htcom\x64\debug\dllmain.obj
d:\course-3\сп\htcom\os13_htcom\x64\debug\pch.obj
d:\course-3\сп\htcom\os13_htcom\x64\debug\registry.obj
d:\course-3\сп\htcom\os13_htcom\x64\debug\os13_htcom.ilk
d:\course-3\сп\htcom\os13_htcom\x64\debug\os13_htcom.pch
d:\course-3\сп\htcom\os13_htcom\x64\debug\vc143.idb
d:\course-3\сп\htcom\os13_htcom\x64\debug\vc143.pdb
d:\course-3\сп\htcom\x64\debug\os13_htcom.pdb
d:\course-3\сп\htcom\x64\debug\os13_htcom.dll
d:\course-3\сп\htcom\os13_htcom\x64\debug\os13_htcom.tlog\cl.command.1.tlog
d:\course-3\сп\htcom\os13_htcom\x64\debug\os13_htcom.tlog\cl.items.tlog
d:\course-3\сп\htcom\os13_htcom\x64\debug\os13_htcom.tlog\cl.read.1.tlog
d:\course-3\сп\htcom\os13_htcom\x64\debug\os13_htcom.tlog\cl.write.1.tlog
d:\course-3\сп\htcom\os13_htcom\x64\debug\os13_htcom.tlog\link.command.1.tlog
d:\course-3\сп\htcom\os13_htcom\x64\debug\os13_htcom.tlog\link.read.1.tlog
d:\course-3\сп\htcom\os13_htcom\x64\debug\os13_htcom.tlog\link.write.1.tlog
d:\course-3\сп\htcom\os13_htcom\x64\debug\os13_htcom.tlog\link.write.2u.tlog
