  pch.cpp
  ClassFactory.cpp
  ComponentHT.cpp
  dllmain.cpp
  Registry.cpp
  Создание кода...
     Создается библиотека D:\Course3\СП\HTCOM\Debug\OS13_HTCOM.lib и объект D:\Course3\СП\HTCOM\Debug\OS13_HTCOM.exp
ComponentHT.obj : error LNK2019: ссылка на неразрешенный внешний символ "public: __thiscall ht::Element::Element(void const *,int)" (??0Element@ht@@QAE@PBXH@Z) в функции "public: virtual long __stdcall ComponentHT::createGetElement(struct ht::Element * *,void const *,int)" (?createGetElement@ComponentHT@@UAGJPAPAUElement@ht@@PBXH@Z).
ComponentHT.obj : error LNK2019: ссылка на неразрешенный внешний символ "public: __thiscall ht::Element::Element(struct ht::Element const *,void const *,int)" (??0Element@ht@@QAE@PBU01@PBXH@Z) в функции "public: virtual long __stdcall ComponentHT::createUpdateElement(struct ht::Element * *,struct ht::Element const *,void const *,int)" (?createUpdateElement@ComponentHT@@UAGJPAPAUElement@ht@@PBU23@PBXH@Z).
ComponentHT.obj : error LNK2019: ссылка на неразрешенный внешний символ "struct ht::HtHandle * __cdecl ht::create(int,int,int,int,wchar_t const *)" (?create@ht@@YAPAUHtHandle@1@HHHHPB_W@Z) в функции "public: virtual long __stdcall ComponentHT::create(struct ht::HtHandle * *,int,int,int,int,wchar_t const *)" (?create@ComponentHT@@UAGJPAPAUHtHandle@ht@@HHHHPB_W@Z).
ComponentHT.obj : error LNK2019: ссылка на неразрешенный внешний символ "struct ht::HtHandle * __cdecl ht::open(wchar_t const *,bool)" (?open@ht@@YAPAUHtHandle@1@PB_W_N@Z) в функции "public: virtual long __stdcall ComponentHT::open(struct ht::HtHandle * *,wchar_t const *,bool)" (?open@ComponentHT@@UAGJPAPAUHtHandle@ht@@PB_W_N@Z).
ComponentHT.obj : error LNK2019: ссылка на неразрешенный внешний символ "int __cdecl ht::snap(struct ht::HtHandle *)" (?snap@ht@@YAHPAUHtHandle@1@@Z) в функции "public: virtual long __stdcall ComponentHT::snap(int &,struct ht::HtHandle *)" (?snap@ComponentHT@@UAGJAAHPAUHtHandle@ht@@@Z).
ComponentHT.obj : error LNK2019: ссылка на неразрешенный внешний символ "int __cdecl ht::close(struct ht::HtHandle const *)" (?close@ht@@YAHPBUHtHandle@1@@Z) в функции "public: virtual long __stdcall ComponentHT::close(int &,struct ht::HtHandle *)" (?close@ComponentHT@@UAGJAAHPAUHtHandle@ht@@@Z).
ComponentHT.obj : error LNK2019: ссылка на неразрешенный внешний символ "int __cdecl ht::insert(struct ht::HtHandle *,struct ht::Element const *)" (?insert@ht@@YAHPAUHtHandle@1@PBUElement@1@@Z) в функции "public: virtual long __stdcall ComponentHT::insert(int &,struct ht::HtHandle *,struct ht::Element const *)" (?insert@ComponentHT@@UAGJAAHPAUHtHandle@ht@@PBUElement@3@@Z).
ComponentHT.obj : error LNK2019: ссылка на неразрешенный внешний символ "int __cdecl ht::removeOne(struct ht::HtHandle *,struct ht::Element const *)" (?removeOne@ht@@YAHPAUHtHandle@1@PBUElement@1@@Z) в функции "public: virtual long __stdcall ComponentHT::removeOne(int &,struct ht::HtHandle *,struct ht::Element const *)" (?removeOne@ComponentHT@@UAGJAAHPAUHtHandle@ht@@PBUElement@3@@Z).
ComponentHT.obj : error LNK2019: ссылка на неразрешенный внешний символ "struct ht::Element * __cdecl ht::get(struct ht::HtHandle *,struct ht::Element const *)" (?get@ht@@YAPAUElement@1@PAUHtHandle@1@PBU21@@Z) в функции "public: virtual long __stdcall ComponentHT::get(struct ht::Element * *,struct ht::HtHandle *,struct ht::Element const *)" (?get@ComponentHT@@UAGJPAPAUElement@ht@@PAUHtHandle@3@PBU23@@Z).
ComponentHT.obj : error LNK2019: ссылка на неразрешенный внешний символ "int __cdecl ht::update(struct ht::HtHandle *,struct ht::Element const *,void const *,int)" (?update@ht@@YAHPAUHtHandle@1@PBUElement@1@PBXH@Z) в функции "public: virtual long __stdcall ComponentHT::update(int &,struct ht::HtHandle *,struct ht::Element const *,void const *,int)" (?update@ComponentHT@@UAGJAAHPAUHtHandle@ht@@PBUElement@3@PBXH@Z).
ComponentHT.obj : error LNK2019: ссылка на неразрешенный внешний символ "char const * __cdecl ht::getLastError(struct ht::HtHandle const *)" (?getLastError@ht@@YAPBDPBUHtHandle@1@@Z) в функции "public: virtual long __stdcall ComponentHT::getLastError(char const * *,struct ht::HtHandle *)" (?getLastError@ComponentHT@@UAGJPAPBDPAUHtHandle@ht@@@Z).
ComponentHT.obj : error LNK2019: ссылка на неразрешенный внешний символ "void __cdecl ht::print(struct ht::Element const *)" (?print@ht@@YAXPBUElement@1@@Z) в функции "public: virtual long __stdcall ComponentHT::print(struct ht::Element const *)" (?print@ComponentHT@@UAGJPBUElement@ht@@@Z).
D:\Course3\СП\OS_Lab10\x64\Debug\OS10_HTAPI.lib : warning LNK4272: тип компьютера библиотеки "x64" конфликтует с типом целевого компьютера "x86"
D:\Course3\СП\HTCOM\Debug\OS13_HTCOM.dll : fatal error LNK1120: неразрешенных внешних элементов: 12
